<?xml version="1.0" encoding="UTF-8"?>
<!-- Generated by org.testng.reporters.JUnitReportReporter -->
<testsuite hostname="LTIN-APLGGKV3FYF7W" failures="0" tests="1" name="jetbluetest.JetBlueTest" time="17.158" errors="0" timestamp="2024-05-16T22:55:49 IST" skipped="0">
  <testcase classname="jetbluetest.JetBlueTest" name="verifyFlightSearchResults" time="17.158"/>
  <system-out/>
</testsuite> <!-- jetbluetest.JetBlueTest -->
