<?xml version="1.0" encoding="UTF-8"?>
<!-- Generated by org.testng.reporters.JUnitReportReporter -->
<testsuite hostname="LTIN-APLGGKV3FYF7W" failures="0" tests="2" name="herokuappExercise.HerokuTest" time="1.641" errors="0" timestamp="2024-05-18T16:09:48 IST" skipped="0">
  <testcase classname="herokuappExercise.HerokuTest" name="successfulLogin" time="0.745"/>
  <system-out>
    <![CDATA[Congratulations! You must have the proper credentials.]]>
  </system-out>
  <testcase classname="herokuappExercise.HerokuTest" name="successfulLogin" time="0.896"/>
  <system-out>
    <![CDATA[Congratulations! You must have the proper credentials.]]>
  </system-out>
</testsuite> <!-- herokuappExercise.HerokuTest -->
