<?xml version="1.0" encoding="UTF-8"?>
<!-- Generated by org.testng.reporters.JUnitReportReporter -->
<testsuite hostname="LTIN-APLGGKV3FYF7W" failures="0" tests="1" name="automationexercise.AutomationExerciseTest" time="14.665" errors="0" timestamp="2024-05-18T18:58:30 IST" skipped="0">
  <testcase classname="automationexercise.AutomationExerciseTest" name="uploadFileVerifyMessage" time="14.665"/>
  <system-out>
    <![CDATA[home landed page sucessfully displayed
Get in Touch is visible
details has been submitted sucessfully
details have been sucessfully submmited
It is navigated back sucessfully to home page]]>
  </system-out>
</testsuite> <!-- automationexercise.AutomationExerciseTest -->
