<?xml version="1.0" encoding="UTF-8"?>
<!-- Generated by org.testng.reporters.JUnitReportReporter -->
<testsuite hostname="LTIN-APLGGKV3FYF7W" failures="0" tests="2" name="jetbluehomepage.JetBlueTest" time="115.908" errors="0" timestamp="2024-05-18T18:46:33 IST" skipped="0">
  <testcase classname="jetbluehomepage.JetBlueTest" name="verifyFlightNotAvailabelSearchResults" time="99.447"/>
  <system-out>
    <![CDATA[departure city name antered sucessfully
destination city name antered sucessfully]]>
  </system-out>
  <testcase classname="jetbluehomepage.JetBlueTest" name="verifyFlightAvailabelSearchResults" time="16.461"/>
  <system-out>
    <![CDATA[departure city name antered sucessfully
destination city name antered sucessfully]]>
  </system-out>
</testsuite> <!-- jetbluehomepage.JetBlueTest -->
